{"level":"info","msg":"| 200 |       963.7µs |             ::1 | GET  /swagger/index.html |","time":"2021-01-19T15:59:51+08:00"}
{"level":"info","msg":"| 200 |       998.2µs |             ::1 | GET  /swagger/swagger-ui.css |","time":"2021-01-19T15:59:51+08:00"}
{"level":"info","msg":"| 200 |      1.9937ms |             ::1 | GET  /swagger/swagger-ui-bundle.js |","time":"2021-01-19T15:59:51+08:00"}
{"level":"info","msg":"| 200 |      1.9982ms |       127.0.0.1 | GET  /swagger/swagger-ui-standalone-preset.js |","time":"2021-01-19T15:59:51+08:00"}
{"level":"info","msg":"| 200 |            0s |             ::1 | GET  /swagger/doc.json |","time":"2021-01-19T15:59:51+08:00"}
{"level":"info","msg":"| 200 |     96.7404ms |             ::1 | GET  /swagger/favicon-32x32.png |","time":"2021-01-19T15:59:51+08:00"}
{"level":"info","msg":"| 200 |       995.6µs |             ::1 | GET  /swagger/index.html |","time":"2021-01-19T16:02:50+08:00"}
{"level":"info","msg":"| 200 |       997.3µs |             ::1 | GET  /swagger/swagger-ui.css |","time":"2021-01-19T16:02:50+08:00"}
{"level":"info","msg":"| 200 |            0s |             ::1 | GET  /swagger/swagger-ui-standalone-preset.js |","time":"2021-01-19T16:02:50+08:00"}
{"level":"info","msg":"| 200 |      1.9931ms |             ::1 | GET  /swagger/swagger-ui-bundle.js |","time":"2021-01-19T16:02:50+08:00"}
{"level":"info","msg":"| 200 |       1.013ms |             ::1 | GET  /swagger/doc.json |","time":"2021-01-19T16:02:50+08:00"}
{"level":"info","msg":"| 200 |    106.7187ms |             ::1 | GET  /swagger/favicon-32x32.png |","time":"2021-01-19T16:02:50+08:00"}
{"level":"info","msg":"| 200 |            0s |             ::1 | GET  /swagger/doc.json |","time":"2021-01-19T16:02:55+08:00"}
{"level":"info","msg":"| 404 |            0s |             ::1 | GET  /favicon.ico |","time":"2021-01-19T16:02:55+08:00"}
{"level":"info","msg":"| 200 |            0s |             ::1 | GET  /swagger/index.html |","time":"2021-01-19T16:11:48+08:00"}
{"level":"info","msg":"| 304 |            0s |             ::1 | GET  /swagger/swagger-ui.css |","time":"2021-01-19T16:11:48+08:00"}
{"level":"info","msg":"| 304 |            0s |             ::1 | GET  /swagger/swagger-ui-bundle.js |","time":"2021-01-19T16:11:48+08:00"}
{"level":"info","msg":"| 304 |       957.3µs |             ::1 | GET  /swagger/swagger-ui-standalone-preset.js |","time":"2021-01-19T16:11:48+08:00"}
{"level":"info","msg":"| 200 |            0s |             ::1 | GET  /swagger/doc.json |","time":"2021-01-19T16:11:48+08:00"}
{"level":"info","msg":"| 200 |            0s |             ::1 | GET  /swagger/favicon-32x32.png |","time":"2021-01-19T16:11:48+08:00"}
{"level":"info","msg":"| 200 |            0s |             ::1 | GET  /swagger/index.html |","time":"2021-01-19T16:11:52+08:00"}
{"level":"info","msg":"| 200 |            0s |             ::1 | GET  /swagger/doc.json |","time":"2021-01-19T16:11:52+08:00"}
{"level":"info","msg":"| 200 |            0s |             ::1 | GET  /swagger/favicon-32x32.png |","time":"2021-01-19T16:11:52+08:00"}
{"level":"info","msg":"| 200 |            0s |             ::1 | GET  /swagger/index.html |","time":"2021-01-19T16:12:04+08:00"}
{"level":"info","msg":"| 200 |            0s |             ::1 | GET  /swagger/doc.json |","time":"2021-01-19T16:12:04+08:00"}
{"level":"info","msg":"| 200 |            0s |             ::1 | GET  /swagger/index.html |","time":"2021-01-19T16:12:30+08:00"}
{"level":"info","msg":"| 200 |            0s |             ::1 | GET  /swagger/doc.json |","time":"2021-01-19T16:12:30+08:00"}
{"level":"info","msg":"| 200 |       994.7µs |             ::1 | GET  /swagger/index.html |","time":"2021-01-19T16:13:01+08:00"}
{"level":"info","msg":"| 200 |       996.5µs |             ::1 | GET  /swagger/swagger-ui.css |","time":"2021-01-19T16:13:01+08:00"}
{"level":"info","msg":"| 200 |      1.9936ms |             ::1 | GET  /swagger/swagger-ui-standalone-preset.js |","time":"2021-01-19T16:13:01+08:00"}
{"level":"info","msg":"| 200 |      1.9936ms |             ::1 | GET  /swagger/swagger-ui-bundle.js |","time":"2021-01-19T16:13:01+08:00"}
{"level":"info","msg":"| 200 |            0s |             ::1 | GET  /swagger/doc.json |","time":"2021-01-19T16:13:01+08:00"}
{"level":"info","msg":"| 200 |       996.6µs |             ::1 | GET  /swagger/index.html |","time":"2021-01-19T16:24:57+08:00"}
{"level":"info","msg":"| 200 |            0s |             ::1 | GET  /swagger/swagger-ui.css |","time":"2021-01-19T16:24:57+08:00"}
{"level":"info","msg":"| 200 |            0s |             ::1 | GET  /swagger/swagger-ui-standalone-preset.js |","time":"2021-01-19T16:24:57+08:00"}
{"level":"info","msg":"| 200 |      2.9934ms |             ::1 | GET  /swagger/swagger-ui-bundle.js |","time":"2021-01-19T16:24:57+08:00"}
{"level":"info","msg":"| 200 |            0s |             ::1 | GET  /swagger/doc.json |","time":"2021-01-19T16:24:58+08:00"}
{"level":"info","msg":"| 200 |     86.7722ms |             ::1 | GET  /swagger/favicon-32x32.png |","time":"2021-01-19T16:24:58+08:00"}
