{"level":"info","msg":"| 404 |            0s |       127.0.0.1 | GET  /role/1 |","time":"2021-01-06T11:52:08+08:00"}
{"level":"info","msg":"| 404 |            0s |       127.0.0.1 | GET  /favicon.ico |","time":"2021-01-06T11:52:08+08:00"}
{"level":"info","msg":"| 200 |      2.9935ms |       127.0.0.1 | GET  /api/v1/role/1 |","time":"2021-01-06T11:52:49+08:00"}
{"level":"info","msg":"| 200 |      1.9947ms |       127.0.0.1 | GET  /api/v1/role/1 |","time":"2021-01-06T11:54:03+08:00"}
{"level":"info","msg":"| 200 |       997.5µs |       127.0.0.1 | GET  /api/v1/role/1 |","time":"2021-01-06T11:54:07+08:00"}
{"level":"info","msg":"| 200 |      1.9678ms |       127.0.0.1 | GET  /api/v1/role/1 |","time":"2021-01-06T11:54:09+08:00"}
{"level":"info","msg":"| 200 |      1.9913ms |       127.0.0.1 | GET  /api/v1/role/1 |","time":"2021-01-06T11:58:17+08:00"}
{"level":"info","msg":"| 200 |      2.9848ms |       127.0.0.1 | GET  /api/v1/role/1 |","time":"2021-01-06T13:42:42+08:00"}
{"level":"info","msg":"| 200 |      1.9987ms |       127.0.0.1 | GET  /api/v1/role/1 |","time":"2021-01-06T13:43:32+08:00"}
{"level":"info","msg":"| 200 |       996.6µs |             ::1 | POST  /api/v1/role |","time":"2021-01-06T14:12:12+08:00"}
{"level":"info","msg":"| 200 |            0s |             ::1 | POST  /api/v1/role |","time":"2021-01-06T14:13:15+08:00"}
{"level":"info","msg":"| 200 |            0s |             ::1 | POST  /api/v1/role |","time":"2021-01-06T14:13:16+08:00"}
{"level":"info","msg":"| 200 |       996.7µs |             ::1 | POST  /api/v1/role |","time":"2021-01-06T14:16:23+08:00"}
{"level":"info","msg":"| 200 |            0s |             ::1 | POST  /api/v1/role |","time":"2021-01-06T14:16:46+08:00"}
{"level":"info","msg":"| 200 |       996.4µs |             ::1 | POST  /api/v1/role |","time":"2021-01-06T14:16:47+08:00"}
{"level":"info","msg":"| 500 |      3.9892ms |             ::1 | POST  /api/v1/role |","time":"2021-01-06T14:20:10+08:00"}
{"level":"info","msg":"| 200 |            0s |             ::1 | POST  /api/v1/role |","time":"2021-01-06T14:31:23+08:00"}
{"level":"info","msg":"| 500 |      4.9863ms |             ::1 | POST  /api/v1/role |","time":"2021-01-06T14:36:59+08:00"}
{"level":"info","msg":"| 500 |      2.9895ms |             ::1 | POST  /api/v1/role |","time":"2021-01-06T14:37:01+08:00"}
{"level":"info","msg":"| 200 |       999.7µs |             ::1 | POST  /api/v1/role |","time":"2021-01-06T14:40:24+08:00"}
{"level":"info","msg":"| 200 |           1ms |             ::1 | POST  /api/v1/role |","time":"2021-01-06T14:47:05+08:00"}
{"level":"info","msg":"| 200 |            0s |             ::1 | POST  /api/v1/role |","time":"2021-01-06T14:47:33+08:00"}
{"level":"info","msg":"[role_name  Minimum is 4]","time":"2021-01-06T14:47:58+08:00"}
{"level":"info","msg":"| 200 |       997.9µs |             ::1 | POST  /api/v1/role |","time":"2021-01-06T14:47:58+08:00"}
{"level":"info","msg":"| 200 |       995.2µs |             ::1 | POST  /api/v1/role |","time":"2021-01-06T14:57:54+08:00"}
{"level":"info","msg":"| 200 |       999.3µs |             ::1 | POST  /api/v1/role |","time":"2021-01-06T14:58:53+08:00"}
{"level":"info","msg":"| 200 |         998µs |             ::1 | POST  /api/v1/role |","time":"2021-01-06T14:58:54+08:00"}
{"level":"info","msg":"| 200 |            0s |             ::1 | POST  /api/v1/role |","time":"2021-01-06T14:59:43+08:00"}
{"level":"info","msg":"| 200 |            0s |             ::1 | POST  /api/v1/role |","time":"2021-01-06T15:23:24+08:00"}
{"level":"info","msg":"| 200 |            0s |             ::1 | POST  /api/v1/role |","time":"2021-01-06T15:23:32+08:00"}
{"level":"info","msg":"[role_name  Minimum is 4]","time":"2021-01-06T15:36:53+08:00"}
{"level":"info","msg":"| 200 |      1.9934ms |             ::1 | POST  /api/v1/role |","time":"2021-01-06T15:36:53+08:00"}
{"level":"info","msg":"[role_name  Minimum is 4]","time":"2021-01-06T15:37:56+08:00"}
{"level":"info","msg":"| 200 |            0s |             ::1 | POST  /api/v1/role |","time":"2021-01-06T15:37:56+08:00"}
{"level":"info","msg":"[role_name 角色名称长度不能少于2]","time":"2021-01-06T15:38:30+08:00"}
{"level":"info","msg":"| 200 |      1.9951ms |             ::1 | POST  /api/v1/role |","time":"2021-01-06T15:38:30+08:00"}
{"level":"info","msg":"[role_name 角色名称长度不能少于2]","time":"2021-01-06T15:49:04+08:00"}
{"level":"info","msg":"| 200 |     18.9483ms |             ::1 | POST  /api/v1/role |","time":"2021-01-06T15:49:04+08:00"}
{"level":"info","msg":"[role_name 角色名称长度不能少于2]","time":"2021-01-06T15:49:06+08:00"}
{"level":"info","msg":"| 200 |            0s |             ::1 | POST  /api/v1/role |","time":"2021-01-06T15:49:06+08:00"}
{"level":"info","msg":"[role_name 角色名称长度不能少于2]","time":"2021-01-06T15:49:34+08:00"}
{"level":"info","msg":"| 200 |            0s |             ::1 | POST  /api/v1/role |","time":"2021-01-06T15:49:34+08:00"}
{"level":"info","msg":"[role_name 角色名称长度不能少于2]","time":"2021-01-06T15:50:11+08:00"}
{"level":"info","msg":"| 200 |            0s |             ::1 | POST  /api/v1/role |","time":"2021-01-06T15:50:11+08:00"}
{"level":"info","msg":"[role_name 角色名称长度不能少于2]","time":"2021-01-06T15:50:49+08:00"}
{"level":"info","msg":"| 200 |      1.9953ms |             ::1 | POST  /api/v1/role |","time":"2021-01-06T15:50:49+08:00"}
{"level":"info","msg":"[role_name 角色名称长度不能少于2]","time":"2021-01-06T15:51:21+08:00"}
{"level":"info","msg":"| 200 |      1.9897ms |             ::1 | POST  /api/v1/role |","time":"2021-01-06T15:51:21+08:00"}
{"level":"info","msg":"[role_name 角色名称长度不能少于2]","time":"2021-01-06T15:51:46+08:00"}
{"level":"info","msg":"| 200 |      1.9932ms |             ::1 | POST  /api/v1/role |","time":"2021-01-06T15:51:46+08:00"}
{"level":"info","msg":"[role_name 角色名称长度不能少于2]","time":"2021-01-06T15:54:59+08:00"}
{"level":"info","msg":"| 200 |            0s |             ::1 | POST  /api/v1/role |","time":"2021-01-06T15:54:59+08:00"}
{"level":"info","msg":"[role_name 角色名称长度不能少于2]","time":"2021-01-06T15:55:42+08:00"}
{"level":"info","msg":"| 200 |       1.995ms |             ::1 | POST  /api/v1/role |","time":"2021-01-06T15:55:42+08:00"}
{"level":"info","msg":"[role_name 角色名称长度不能少于2]","time":"2021-01-06T15:55:56+08:00"}
{"level":"info","msg":"| 200 |            0s |             ::1 | POST  /api/v1/role |","time":"2021-01-06T15:55:56+08:00"}
{"level":"info","msg":"[role_name 角色名称长度不能少于2]","time":"2021-01-06T15:55:57+08:00"}
{"level":"info","msg":"| 200 |         998µs |             ::1 | POST  /api/v1/role |","time":"2021-01-06T15:55:57+08:00"}
{"level":"info","msg":"[role_name 角色名称长度不能少于2]","time":"2021-01-06T15:57:46+08:00"}
{"level":"info","msg":"| 200 |       1.994ms |             ::1 | POST  /api/v1/role |","time":"2021-01-06T15:57:46+08:00"}
{"level":"info","msg":"[role_name 角色名称长度不能少于2]","time":"2021-01-06T16:01:50+08:00"}
{"level":"info","msg":"| 200 |            0s |             ::1 | POST  /api/v1/role |","time":"2021-01-06T16:01:50+08:00"}
{"level":"info","msg":"[role_name 角色名称长度不能少于2]","time":"2021-01-06T16:02:00+08:00"}
{"level":"info","msg":"| 200 |      2.9919ms |             ::1 | POST  /api/v1/role |","time":"2021-01-06T16:02:00+08:00"}
{"level":"info","msg":"[role_name 角色名称长度不能少于2]","time":"2021-01-06T16:02:53+08:00"}
{"level":"info","msg":"| 200 |       997.7µs |             ::1 | POST  /api/v1/role |","time":"2021-01-06T16:02:53+08:00"}
{"level":"info","msg":"[role_name  Minimum is 2]","time":"2021-01-06T16:03:00+08:00"}
{"level":"info","msg":"| 200 |      1.9956ms |             ::1 | POST  /api/v1/role |","time":"2021-01-06T16:03:00+08:00"}
{"level":"info","msg":"[RoleName 角色名称长度不能少于2]","time":"2021-01-06T16:03:34+08:00"}
{"level":"info","msg":"| 200 |       995.8µs |             ::1 | POST  /api/v1/role |","time":"2021-01-06T16:03:34+08:00"}
{"level":"info","msg":"[RoleName 角色名称长度不能少于2]","time":"2021-01-06T16:04:06+08:00"}
{"level":"info","msg":"| 200 |      1.9935ms |             ::1 | POST  /api/v1/role |","time":"2021-01-06T16:04:06+08:00"}
{"level":"info","msg":"[RoleName 角色名称长度不能少于2]","time":"2021-01-06T16:06:11+08:00"}
{"level":"info","msg":"| 200 |       998.7µs |             ::1 | POST  /api/v1/role |","time":"2021-01-06T16:06:11+08:00"}
{"level":"info","msg":"[RoleName 角色名称长度不能少于2]","time":"2021-01-06T16:06:12+08:00"}
{"level":"info","msg":"| 200 |       995.6µs |             ::1 | POST  /api/v1/role |","time":"2021-01-06T16:06:12+08:00"}
{"level":"info","msg":"[RoleName 角色名称长度不能少于2]","time":"2021-01-06T16:06:18+08:00"}
{"level":"info","msg":"| 200 |            0s |             ::1 | POST  /api/v1/role |","time":"2021-01-06T16:06:18+08:00"}
{"level":"info","msg":"[RoleName 角色名称长度不能少于2]","time":"2021-01-06T16:07:20+08:00"}
{"level":"info","msg":"| 200 |            0s |             ::1 | POST  /api/v1/role |","time":"2021-01-06T16:07:20+08:00"}
{"level":"info","msg":"[RoleName 角色名称长度不能少于2]","time":"2021-01-06T16:07:27+08:00"}
{"level":"info","msg":"| 200 |      1.9956ms |             ::1 | POST  /api/v1/role |","time":"2021-01-06T16:07:27+08:00"}
{"level":"info","msg":"[RoleName 角色名称长度不能少于2]","time":"2021-01-06T16:08:50+08:00"}
{"level":"info","msg":"| 200 |            0s |             ::1 | POST  /api/v1/role |","time":"2021-01-06T16:08:50+08:00"}
{"level":"info","msg":"[role_name 角色名称长度不能少于2]","time":"2021-01-06T16:08:57+08:00"}
{"level":"info","msg":"| 200 |      1.9851ms |             ::1 | POST  /api/v1/role |","time":"2021-01-06T16:08:57+08:00"}
{"level":"info","msg":"[role_name 角色名称长度不能少于3]","time":"2021-01-06T16:09:23+08:00"}
{"level":"info","msg":"| 200 |      1.9952ms |             ::1 | POST  /api/v1/role |","time":"2021-01-06T16:09:23+08:00"}
{"level":"info","msg":"| 500 |      2.9914ms |             ::1 | POST  /api/v1/role |","time":"2021-01-06T16:11:22+08:00"}
{"level":"info","msg":"| 500 |      1.9949ms |             ::1 | POST  /api/v1/role |","time":"2021-01-06T16:12:15+08:00"}
{"level":"info","msg":"| 200 |      3.9902ms |             ::1 | POST  /api/v1/role |","time":"2021-01-06T16:12:41+08:00"}
{"level":"info","msg":"[role_name DDDDDDD]","time":"2021-01-06T16:12:52+08:00"}
{"level":"info","msg":"| 200 |            0s |             ::1 | POST  /api/v1/role |","time":"2021-01-06T16:12:52+08:00"}
