{"level":"info","msg":"| 200 |       2.991ms |             ::1 | POST  /api/v1/user/login |","time":"2021-01-11T11:39:40+08:00"}
{"level":"info","msg":"| 404 |            0s |             ::1 | POST  /api/v1/role/1 |","time":"2021-01-11T11:40:10+08:00"}
{"level":"info","msg":"| 404 |            0s |             ::1 | GET  /api/v1/role/1 |","time":"2021-01-11T11:40:29+08:00"}
{"level":"info","msg":"| 200 |            0s |             ::1 | GET  /api/v1/ping |","time":"2021-01-11T11:40:47+08:00"}
{"level":"info","msg":"| 404 |            0s |             ::1 | GET  /api/v1/role |","time":"2021-01-11T11:46:05+08:00"}
{"level":"info","msg":"| 404 |            0s |             ::1 | GET  /api/v1/role/1 |","time":"2021-01-11T11:46:11+08:00"}
{"level":"info","msg":"| 200 |            0s |             ::1 | POST  /api/v1/role |","time":"2021-01-11T11:51:40+08:00"}
{"level":"info","msg":"| 404 |            0s |             ::1 | GET  /api/v1/role/1 |","time":"2021-01-11T11:51:54+08:00"}
{"level":"info","msg":"| 404 |            0s |             ::1 | GET  /api/v1/role/1 |","time":"2021-01-11T11:52:05+08:00"}
{"level":"info","msg":"| 404 |            0s |             ::1 | GET  /api/v1/role/1 |","time":"2021-01-11T11:53:42+08:00"}
{"level":"info","msg":"| 404 |            0s |             ::1 | GET  /api/v1/role/1 |","time":"2021-01-11T11:53:43+08:00"}
{"level":"info","msg":"| 200 |            0s |             ::1 | POST  /api/v1/role |","time":"2021-01-11T11:58:15+08:00"}
{"level":"info","msg":"[role_name 角色名称长度不能少于3]","time":"2021-01-11T11:58:32+08:00"}
{"level":"info","msg":"| 200 |            0s |             ::1 | POST  /api/v1/role |","time":"2021-01-11T11:58:32+08:00"}
{"level":"info","msg":"| 200 |      4.9868ms |             ::1 | POST  /api/v1/role |","time":"2021-01-11T11:58:41+08:00"}
{"level":"info","msg":"| 200 |       3.997ms |             ::1 | POST  /api/v1/role |","time":"2021-01-11T12:02:12+08:00"}
{"level":"info","msg":"| 404 |            0s |             ::1 | GET  /api/v1/role/1 |","time":"2021-01-11T12:02:15+08:00"}
{"level":"info","msg":"| 404 |            0s |             ::1 | GET  /api/v1/role/1 |","time":"2021-01-11T12:02:16+08:00"}
{"level":"info","msg":"| 404 |            0s |             ::1 | GET  /api/v1/role/1 |","time":"2021-01-11T12:04:59+08:00"}
{"level":"info","msg":"| 404 |            0s |             ::1 | GET  /api/v1/role/1 |","time":"2021-01-11T12:05:19+08:00"}
{"level":"info","msg":"| 404 |            0s |             ::1 | GET  /api/v1/role/1 |","time":"2021-01-11T12:07:54+08:00"}
{"level":"info","msg":"| 404 |            0s |             ::1 | GET  /api/v1/role/1 |","time":"2021-01-11T16:07:28+08:00"}
{"level":"info","msg":"| 404 |            0s |             ::1 | GET  /api/v1/role/1 |","time":"2021-01-11T16:30:33+08:00"}
{"level":"info","msg":"| 200 |            0s |             ::1 | GET  /api/v1/role/1 |","time":"2021-01-11T16:33:21+08:00"}
{"level":"info","msg":"| 200 |      2.9914ms |             ::1 | GET  /api/v1/role/1 |","time":"2021-01-11T16:34:04+08:00"}
{"level":"info","msg":"| 404 |            0s |             ::1 | GET  /api/v1/user/1 |","time":"2021-01-11T17:17:22+08:00"}
{"level":"info","msg":"| 200 |      3.9892ms |             ::1 | GET  /api/v1/user/1 |","time":"2021-01-11T17:17:32+08:00"}
{"level":"info","msg":"| 200 |      1.9809ms |             ::1 | GET  /api/v1/user/1 |","time":"2021-01-11T17:20:15+08:00"}
{"level":"info","msg":"| 200 |      1.9969ms |             ::1 | GET  /api/v1/user/2 |","time":"2021-01-11T17:23:16+08:00"}
{"level":"info","msg":"| 200 |      1.9949ms |             ::1 | GET  /api/v1/user/2 |","time":"2021-01-11T17:24:02+08:00"}
{"level":"info","msg":"| 200 |      2.9903ms |             ::1 | GET  /api/v1/user/2 |","time":"2021-01-11T17:27:31+08:00"}
